\BOOKMARK [1][-]{figure.caption.1}{\376\377\000A\000b\000s\000t\000r\000a\000c\000t}{}% 1
\BOOKMARK [1][-]{chapter*.3}{\376\377\000L\000i\000s\000t\000\040\000o\000f\000\040\000T\000a\000b\000l\000e\000s}{}% 2
\BOOKMARK [1][-]{chapter*.4}{\376\377\000L\000i\000s\000t\000\040\000o\000f\000\040\000F\000i\000g\000u\000r\000e\000s}{}% 3
\BOOKMARK [1][-]{chapter*.5}{\376\377\000L\000i\000s\000t\000\040\000o\000f\000\040\000S\000y\000m\000b\000o\000l\000s\000\040\000a\000n\000d\000\040\000A\000b\000b\000r\000e\000v\000i\000a\000t\000i\000o\000n}{}% 4
\BOOKMARK [0][-]{chapter.1}{\376\377\000I\000n\000t\000r\000o\000d\000u\000c\000t\000i\000o\000n}{}% 5
\BOOKMARK [1][-]{section.1.1}{\376\377\000B\000a\000c\000k\000g\000r\000o\000u\000n\000d\000\040\000I\000n\000t\000r\000o\000d\000u\000c\000t\000i\000o\000n}{chapter.1}% 6
\BOOKMARK [1][-]{section.1.2}{\376\377\000P\000r\000o\000b\000l\000e\000m\000\040\000S\000t\000a\000t\000e\000m\000e\000n\000t}{chapter.1}% 7
\BOOKMARK [1][-]{section.1.3}{\376\377\000O\000b\000j\000e\000c\000t\000i\000v\000e}{chapter.1}% 8
\BOOKMARK [0][-]{chapter.2}{\376\377\000L\000i\000t\000e\000r\000a\000t\000u\000r\000e\000\040\000R\000e\000v\000i\000e\000w}{}% 9
\BOOKMARK [0][-]{chapter.3}{\376\377\000T\000h\000e\000o\000r\000i\000t\000i\000c\000a\000l\000\040\000B\000a\000c\000k\000g\000r\000o\000u\000n\000d}{}% 10
\BOOKMARK [1][-]{section.3.1}{\376\377\000T\000r\000a\000n\000s\000f\000o\000r\000m\000e\000r\000s}{chapter.3}% 11
\BOOKMARK [1][-]{section.3.2}{\376\377\000B\000E\000R\000T}{chapter.3}% 12
\BOOKMARK [0][-]{chapter.4}{\376\377\000M\000E\000T\000H\000O\000D\000O\000L\000O\000G\000Y}{}% 13
\BOOKMARK [1][-]{section.4.1}{\376\377\000S\000O\000F\000T\000W\000A\000R\000E\000\040\000D\000E\000V\000E\000L\000O\000P\000M\000E\000N\000T\000\040\000A\000P\000P\000R\000O\000A\000C\000H}{chapter.4}% 14
\BOOKMARK [1][-]{section.4.2}{\376\377\000P\000r\000o\000p\000o\000s\000e\000d\000\040\000S\000y\000s\000t\000e\000m\000\040\000B\000l\000o\000c\000k\000\040\000D\000i\000a\000g\000r\000a\000m}{chapter.4}% 15
\BOOKMARK [1][-]{section.4.3}{\376\377\000D\000e\000s\000c\000r\000i\000p\000t\000i\000o\000n\000\040\000o\000f\000\040\000W\000o\000r\000k\000i\000n\000g\000\040\000F\000l\000o\000w\000\040\000o\000f\000\040\000P\000r\000o\000p\000o\000s\000e\000d\000\040\000S\000y\000s\000t\000e\000m}{chapter.4}% 16
\BOOKMARK [1][-]{section.4.4}{\376\377\000P\000e\000r\000f\000o\000r\000m\000a\000n\000c\000e\000\040\000E\000v\000a\000l\000u\000a\000t\000i\000o\000n\000\040\000M\000e\000t\000r\000i\000c\000s}{chapter.4}% 17
\BOOKMARK [0][-]{chapter.5}{\376\377\000S\000Y\000S\000T\000E\000M\000\040\000D\000E\000S\000I\000G\000N}{}% 18
\BOOKMARK [1][-]{section.5.1}{\376\377\000R\000e\000q\000u\000i\000r\000e\000m\000e\000n\000t\000\040\000A\000n\000a\000l\000y\000s\000i\000s}{chapter.5}% 19
\BOOKMARK [2][-]{subsection.5.1.1}{\376\377\000F\000U\000N\000C\000T\000I\000O\000N\000A\000L\000\040\000R\000E\000Q\000U\000I\000R\000E\000M\000E\000N\000T}{section.5.1}% 20
\BOOKMARK [3][-]{subsubsection.5.1.1.1}{\376\377\000T\000o\000k\000e\000n\000i\000z\000a\000t\000i\000o\000n}{subsection.5.1.1}% 21
\BOOKMARK [3][-]{subsubsection.5.1.1.2}{\376\377\000E\000m\000b\000e\000d\000d\000i\000n\000g\000\040\000G\000e\000n\000e\000r\000a\000t\000i\000o\000n}{subsection.5.1.1}% 22
\BOOKMARK [3][-]{subsubsection.5.1.1.3}{\376\377\000E\000m\000b\000e\000d\000d\000i\000n\000g\000\040\000L\000o\000o\000k\000u\000p}{subsection.5.1.1}% 23
\BOOKMARK [3][-]{subsubsection.5.1.1.4}{\376\377\000S\000i\000m\000i\000l\000a\000r\000i\000t\000y\000\040\000C\000a\000l\000c\000u\000l\000a\000t\000i\000o\000n}{subsection.5.1.1}% 24
\BOOKMARK [2][-]{subsection.5.1.2}{\376\377\000N\000O\000N\000-\000F\000U\000N\000C\000T\000I\000O\000N\000A\000L\000\040\000R\000E\000Q\000U\000I\000R\000E\000M\000E\000N\000T}{section.5.1}% 25
\BOOKMARK [3][-]{subsubsection.5.1.2.1}{\376\377\000U\000s\000a\000b\000i\000l\000i\000t\000y}{subsection.5.1.2}% 26
\BOOKMARK [3][-]{subsubsection.5.1.2.2}{\376\377\000R\000e\000l\000i\000a\000b\000i\000l\000i\000t\000y}{subsection.5.1.2}% 27
\BOOKMARK [3][-]{subsubsection.5.1.2.3}{\376\377\000I\000n\000t\000e\000r\000o\000p\000e\000r\000a\000b\000i\000l\000i\000t\000y}{subsection.5.1.2}% 28
\BOOKMARK [3][-]{subsubsection.5.1.2.4}{\376\377\000M\000a\000i\000n\000t\000a\000i\000n\000a\000b\000i\000l\000i\000t\000y}{subsection.5.1.2}% 29
\BOOKMARK [2][-]{subsection.5.1.3}{\376\377\000F\000E\000A\000S\000I\000B\000I\000L\000I\000T\000Y\000\040\000S\000T\000U\000D\000Y}{section.5.1}% 30
\BOOKMARK [3][-]{subsubsection.5.1.3.1}{\376\377\000E\000c\000o\000n\000o\000m\000i\000c\000\040\000F\000e\000a\000s\000i\000b\000i\000l\000i\000t\000y}{subsection.5.1.3}% 31
\BOOKMARK [3][-]{subsubsection.5.1.3.2}{\376\377\000T\000e\000c\000h\000n\000i\000c\000a\000l\000\040\000F\000e\000a\000s\000i\000b\000i\000l\000i\000t\000y}{subsection.5.1.3}% 32
\BOOKMARK [3][-]{subsubsection.5.1.3.3}{\376\377\000O\000p\000e\000r\000a\000t\000i\000o\000n\000a\000l\000\040\000F\000e\000a\000s\000i\000b\000i\000l\000i\000t\000y}{subsection.5.1.3}% 33
\BOOKMARK [0][-]{chapter.6}{\376\377\000I\000M\000P\000L\000E\000M\000E\000N\000T\000A\000T\000I\000O\000N\000\040\000P\000L\000A\000N}{}% 34
\BOOKMARK [1][-]{section.6.1}{\376\377\000S\000c\000h\000e\000d\000u\000l\000e\000\050\000G\000a\000n\000t\000t\000\040\000C\000h\000a\000r\000t\000\051}{chapter.6}% 35
\BOOKMARK [1][-]{section.6.2}{\376\377\000H\000a\000r\000d\000w\000a\000r\000e\000\040\000a\000n\000d\000\040\000S\000o\000f\000t\000w\000a\000r\000e\000\040\000r\000e\000q\000u\000i\000r\000e\000m\000e\000n\000t\000s}{chapter.6}% 36
\BOOKMARK [2][-]{subsection.6.2.1}{\376\377\000S\000O\000F\000T\000W\000A\000R\000E\000\040\000R\000E\000Q\000U\000I\000R\000E\000M\000E\000N\000T}{section.6.2}% 37
\BOOKMARK [1][-]{section.6.3}{\376\377\000C\000o\000s\000t\000\040\000E\000s\000t\000i\000m\000a\000t\000i\000o\000n}{chapter.6}% 38
\BOOKMARK [0][-]{chapter.7}{\376\377\000E\000X\000P\000E\000C\000T\000E\000D\000\040\000O\000U\000T\000C\000O\000M\000E}{}% 39
\BOOKMARK [0][-]{chapter*.11}{\376\377\000R\000E\000F\000E\000R\000E\000N\000C\000E\000S}{}% 40
